  [1m[35m (315.5ms)[0m  [1m[35mCREATE TABLE "schema_migrations" ("version" character varying PRIMARY KEY)[0m
  [1m[35m (180.4ms)[0m  [1m[35mCREATE TABLE "ar_internal_metadata" ("key" character varying PRIMARY KEY, "value" character varying, "created_at" timestamp NOT NULL, "updated_at" timestamp NOT NULL)[0m
  [1m[35m (25.7ms)[0m  [1m[34mSELECT pg_try_advisory_lock(6525261842557757040);[0m
  [1m[36mActiveRecord::SchemaMigration Load (1.1ms)[0m  [1m[34mSELECT "schema_migrations".* FROM "schema_migrations"[0m
Migrating to CreateProducts (20170920140235)
  [1m[35m (0.5ms)[0m  [1m[35mBEGIN[0m
  [1m[35m (154.1ms)[0m  [1m[35mCREATE TABLE "products" ("id" serial primary key, "name" character varying, "created_at" timestamp NOT NULL, "updated_at" timestamp NOT NULL)[0m
  [1m[35mSQL (15.7ms)[0m  [1m[32mINSERT INTO "schema_migrations" ("version") VALUES ($1) RETURNING "version"[0m  [["version", "20170920140235"]]
  [1m[35m (33.9ms)[0m  [1m[35mCOMMIT[0m
Migrating to CreateOrders (20170920140241)
  [1m[35m (0.5ms)[0m  [1m[35mBEGIN[0m
  [1m[35m (96.1ms)[0m  [1m[35mCREATE TABLE "orders" ("id" serial primary key, "reference" character varying, "created_at" timestamp NOT NULL, "updated_at" timestamp NOT NULL)[0m
  [1m[35mSQL (0.8ms)[0m  [1m[32mINSERT INTO "schema_migrations" ("version") VALUES ($1) RETURNING "version"[0m  [["version", "20170920140241"]]
  [1m[35m (18.8ms)[0m  [1m[35mCOMMIT[0m
Migrating to CreateCustomers (20170920140248)
  [1m[35m (0.4ms)[0m  [1m[35mBEGIN[0m
  [1m[35m (152.6ms)[0m  [1m[35mCREATE TABLE "customers" ("id" serial primary key, "name" character varying, "created_at" timestamp NOT NULL, "updated_at" timestamp NOT NULL)[0m
  [1m[35mSQL (0.8ms)[0m  [1m[32mINSERT INTO "schema_migrations" ("version") VALUES ($1) RETURNING "version"[0m  [["version", "20170920140248"]]
  [1m[35m (18.2ms)[0m  [1m[35mCOMMIT[0m
  [1m[36mActiveRecord::InternalMetadata Load (1.1ms)[0m  [1m[34mSELECT  "ar_internal_metadata".* FROM "ar_internal_metadata" WHERE "ar_internal_metadata"."key" = $1 LIMIT $2[0m  [["key", "environment"], ["LIMIT", 1]]
  [1m[35m (0.4ms)[0m  [1m[35mBEGIN[0m
  [1m[35mSQL (1.1ms)[0m  [1m[32mINSERT INTO "ar_internal_metadata" ("key", "value", "created_at", "updated_at") VALUES ($1, $2, $3, $4) RETURNING "key"[0m  [["key", "environment"], ["value", "development"], ["created_at", "2017-09-20 14:06:06.351434"], ["updated_at", "2017-09-20 14:06:06.351434"]]
  [1m[35m (3.8ms)[0m  [1m[35mCOMMIT[0m
  [1m[35m (0.7ms)[0m  [1m[34mSELECT pg_advisory_unlock(6525261842557757040)[0m
  [1m[36mActiveRecord::SchemaMigration Load (0.3ms)[0m  [1m[34mSELECT "schema_migrations".* FROM "schema_migrations"[0m
  [1m[36mActiveRecord::SchemaMigration Load (0.4ms)[0m  [1m[34mSELECT "schema_migrations".* FROM "schema_migrations"[0m
  [1m[35m (0.2ms)[0m  [1m[35mBEGIN[0m
  [1m[35mSQL (0.5ms)[0m  [1m[32mINSERT INTO "products" ("name", "created_at", "updated_at") VALUES ($1, $2, $3) RETURNING "id"[0m  [["name", "Product 001"], ["created_at", "2017-09-20 14:06:37.258371"], ["updated_at", "2017-09-20 14:06:37.258371"]]
  [1m[35m (16.9ms)[0m  [1m[35mCOMMIT[0m
  [1m[35m (0.3ms)[0m  [1m[35mBEGIN[0m
  [1m[35mSQL (0.5ms)[0m  [1m[32mINSERT INTO "products" ("name", "created_at", "updated_at") VALUES ($1, $2, $3) RETURNING "id"[0m  [["name", "Product 002"], ["created_at", "2017-09-20 14:06:37.277966"], ["updated_at", "2017-09-20 14:06:37.277966"]]
  [1m[35m (8.0ms)[0m  [1m[35mCOMMIT[0m
  [1m[35m (0.3ms)[0m  [1m[35mBEGIN[0m
  [1m[35mSQL (0.5ms)[0m  [1m[32mINSERT INTO "products" ("name", "created_at", "updated_at") VALUES ($1, $2, $3) RETURNING "id"[0m  [["name", "Product 003"], ["created_at", "2017-09-20 14:06:37.288869"], ["updated_at", "2017-09-20 14:06:37.288869"]]
  [1m[35m (8.2ms)[0m  [1m[35mCOMMIT[0m
  [1m[35m (0.4ms)[0m  [1m[35mBEGIN[0m
  [1m[35mSQL (0.8ms)[0m  [1m[32mINSERT INTO "products" ("name", "created_at", "updated_at") VALUES ($1, $2, $3) RETURNING "id"[0m  [["name", "Product 004"], ["created_at", "2017-09-20 14:06:37.300413"], ["updated_at", "2017-09-20 14:06:37.300413"]]
  [1m[35m (6.8ms)[0m  [1m[35mCOMMIT[0m
  [1m[35m (0.3ms)[0m  [1m[35mBEGIN[0m
  [1m[35mSQL (1.0ms)[0m  [1m[32mINSERT INTO "customers" ("name", "created_at", "updated_at") VALUES ($1, $2, $3) RETURNING "id"[0m  [["name", "Customer 001"], ["created_at", "2017-09-20 14:06:37.326663"], ["updated_at", "2017-09-20 14:06:37.326663"]]
  [1m[35m (13.2ms)[0m  [1m[35mCOMMIT[0m
  [1m[35m (0.3ms)[0m  [1m[35mBEGIN[0m
  [1m[35mSQL (0.6ms)[0m  [1m[32mINSERT INTO "customers" ("name", "created_at", "updated_at") VALUES ($1, $2, $3) RETURNING "id"[0m  [["name", "Customer 002"], ["created_at", "2017-09-20 14:06:37.344468"], ["updated_at", "2017-09-20 14:06:37.344468"]]
  [1m[35m (7.5ms)[0m  [1m[35mCOMMIT[0m
  [1m[35m (0.4ms)[0m  [1m[35mBEGIN[0m
  [1m[35mSQL (0.6ms)[0m  [1m[32mINSERT INTO "customers" ("name", "created_at", "updated_at") VALUES ($1, $2, $3) RETURNING "id"[0m  [["name", "Customer 003"], ["created_at", "2017-09-20 14:06:37.355828"], ["updated_at", "2017-09-20 14:06:37.355828"]]
  [1m[35m (7.3ms)[0m  [1m[35mCOMMIT[0m
  [1m[35m (0.3ms)[0m  [1m[35mBEGIN[0m
  [1m[35mSQL (0.6ms)[0m  [1m[32mINSERT INTO "customers" ("name", "created_at", "updated_at") VALUES ($1, $2, $3) RETURNING "id"[0m  [["name", "Customer 004"], ["created_at", "2017-09-20 14:06:37.366798"], ["updated_at", "2017-09-20 14:06:37.366798"]]
  [1m[35m (7.3ms)[0m  [1m[35mCOMMIT[0m
  [1m[35m (0.4ms)[0m  [1m[35mBEGIN[0m
  [1m[35mSQL (1.0ms)[0m  [1m[32mINSERT INTO "orders" ("reference", "created_at", "updated_at") VALUES ($1, $2, $3) RETURNING "id"[0m  [["reference", "ORD001"], ["created_at", "2017-09-20 14:06:37.392249"], ["updated_at", "2017-09-20 14:06:37.392249"]]
  [1m[35m (14.2ms)[0m  [1m[35mCOMMIT[0m
  [1m[35m (0.4ms)[0m  [1m[35mBEGIN[0m
  [1m[35mSQL (0.7ms)[0m  [1m[32mINSERT INTO "orders" ("reference", "created_at", "updated_at") VALUES ($1, $2, $3) RETURNING "id"[0m  [["reference", "ORD002"], ["created_at", "2017-09-20 14:06:37.411433"], ["updated_at", "2017-09-20 14:06:37.411433"]]
  [1m[35m (6.8ms)[0m  [1m[35mCOMMIT[0m
  [1m[35m (0.4ms)[0m  [1m[35mBEGIN[0m
  [1m[35mSQL (0.7ms)[0m  [1m[32mINSERT INTO "orders" ("reference", "created_at", "updated_at") VALUES ($1, $2, $3) RETURNING "id"[0m  [["reference", "ORD003"], ["created_at", "2017-09-20 14:06:37.422363"], ["updated_at", "2017-09-20 14:06:37.422363"]]
  [1m[35m (6.8ms)[0m  [1m[35mCOMMIT[0m
  [1m[35m (0.4ms)[0m  [1m[35mBEGIN[0m
  [1m[35mSQL (0.8ms)[0m  [1m[32mINSERT INTO "orders" ("reference", "created_at", "updated_at") VALUES ($1, $2, $3) RETURNING "id"[0m  [["reference", "ORD004"], ["created_at", "2017-09-20 14:06:37.433425"], ["updated_at", "2017-09-20 14:06:37.433425"]]
  [1m[35m (6.7ms)[0m  [1m[35mCOMMIT[0m
  [1m[35m (0.4ms)[0m  [1m[35mBEGIN[0m
  [1m[35mSQL (0.7ms)[0m  [1m[32mINSERT INTO "orders" ("reference", "created_at", "updated_at") VALUES ($1, $2, $3) RETURNING "id"[0m  [["reference", "ORD005"], ["created_at", "2017-09-20 14:06:37.444598"], ["updated_at", "2017-09-20 14:06:37.444598"]]
  [1m[35m (6.6ms)[0m  [1m[35mCOMMIT[0m
  [1m[36mActiveRecord::SchemaMigration Load (0.4ms)[0m  [1m[34mSELECT "schema_migrations".* FROM "schema_migrations"[0m
  [1m[35m (0.2ms)[0m  [1m[35mBEGIN[0m
  [1m[35mSQL (0.4ms)[0m  [1m[32mINSERT INTO "products" ("name", "created_at", "updated_at") VALUES ($1, $2, $3) RETURNING "id"[0m  [["name", "Product 001"], ["created_at", "2017-09-20 14:06:50.239715"], ["updated_at", "2017-09-20 14:06:50.239715"]]
  [1m[35m (43.0ms)[0m  [1m[35mCOMMIT[0m
  [1m[35m (0.5ms)[0m  [1m[35mBEGIN[0m
  [1m[35mSQL (0.8ms)[0m  [1m[32mINSERT INTO "products" ("name", "created_at", "updated_at") VALUES ($1, $2, $3) RETURNING "id"[0m  [["name", "Product 002"], ["created_at", "2017-09-20 14:06:50.285790"], ["updated_at", "2017-09-20 14:06:50.285790"]]
  [1m[35m (6.4ms)[0m  [1m[35mCOMMIT[0m
  [1m[35m (0.3ms)[0m  [1m[35mBEGIN[0m
  [1m[35mSQL (0.7ms)[0m  [1m[32mINSERT INTO "products" ("name", "created_at", "updated_at") VALUES ($1, $2, $3) RETURNING "id"[0m  [["name", "Product 003"], ["created_at", "2017-09-20 14:06:50.296576"], ["updated_at", "2017-09-20 14:06:50.296576"]]
  [1m[35m (6.7ms)[0m  [1m[35mCOMMIT[0m
  [1m[35m (0.5ms)[0m  [1m[35mBEGIN[0m
  [1m[35mSQL (0.7ms)[0m  [1m[32mINSERT INTO "products" ("name", "created_at", "updated_at") VALUES ($1, $2, $3) RETURNING "id"[0m  [["name", "Product 004"], ["created_at", "2017-09-20 14:06:50.307812"], ["updated_at", "2017-09-20 14:06:50.307812"]]
  [1m[35m (6.7ms)[0m  [1m[35mCOMMIT[0m
  [1m[35m (0.4ms)[0m  [1m[35mBEGIN[0m
  [1m[35mSQL (1.0ms)[0m  [1m[32mINSERT INTO "customers" ("name", "created_at", "updated_at") VALUES ($1, $2, $3) RETURNING "id"[0m  [["name", "Customer 001"], ["created_at", "2017-09-20 14:06:50.334773"], ["updated_at", "2017-09-20 14:06:50.334773"]]
  [1m[35m (11.9ms)[0m  [1m[35mCOMMIT[0m
  [1m[35m (0.3ms)[0m  [1m[35mBEGIN[0m
  [1m[35mSQL (0.5ms)[0m  [1m[32mINSERT INTO "customers" ("name", "created_at", "updated_at") VALUES ($1, $2, $3) RETURNING "id"[0m  [["name", "Customer 002"], ["created_at", "2017-09-20 14:06:50.351477"], ["updated_at", "2017-09-20 14:06:50.351477"]]
  [1m[35m (8.0ms)[0m  [1m[35mCOMMIT[0m
  [1m[35m (0.3ms)[0m  [1m[35mBEGIN[0m
  [1m[35mSQL (0.5ms)[0m  [1m[32mINSERT INTO "customers" ("name", "created_at", "updated_at") VALUES ($1, $2, $3) RETURNING "id"[0m  [["name", "Customer 003"], ["created_at", "2017-09-20 14:06:50.362412"], ["updated_at", "2017-09-20 14:06:50.362412"]]
  [1m[35m (8.1ms)[0m  [1m[35mCOMMIT[0m
  [1m[35m (0.3ms)[0m  [1m[35mBEGIN[0m
  [1m[35mSQL (0.5ms)[0m  [1m[32mINSERT INTO "customers" ("name", "created_at", "updated_at") VALUES ($1, $2, $3) RETURNING "id"[0m  [["name", "Customer 004"], ["created_at", "2017-09-20 14:06:50.373489"], ["updated_at", "2017-09-20 14:06:50.373489"]]
  [1m[35m (8.2ms)[0m  [1m[35mCOMMIT[0m
  [1m[35m (0.3ms)[0m  [1m[35mBEGIN[0m
  [1m[35mSQL (0.8ms)[0m  [1m[32mINSERT INTO "orders" ("reference", "created_at", "updated_at") VALUES ($1, $2, $3) RETURNING "id"[0m  [["reference", "ORD001"], ["created_at", "2017-09-20 14:06:50.395326"], ["updated_at", "2017-09-20 14:06:50.395326"]]
  [1m[35m (6.9ms)[0m  [1m[35mCOMMIT[0m
  [1m[35m (0.3ms)[0m  [1m[35mBEGIN[0m
  [1m[35mSQL (0.5ms)[0m  [1m[32mINSERT INTO "orders" ("reference", "created_at", "updated_at") VALUES ($1, $2, $3) RETURNING "id"[0m  [["reference", "ORD002"], ["created_at", "2017-09-20 14:06:50.406630"], ["updated_at", "2017-09-20 14:06:50.406630"]]
  [1m[35m (8.2ms)[0m  [1m[35mCOMMIT[0m
  [1m[35m (0.3ms)[0m  [1m[35mBEGIN[0m
  [1m[35mSQL (0.6ms)[0m  [1m[32mINSERT INTO "orders" ("reference", "created_at", "updated_at") VALUES ($1, $2, $3) RETURNING "id"[0m  [["reference", "ORD003"], ["created_at", "2017-09-20 14:06:50.417830"], ["updated_at", "2017-09-20 14:06:50.417830"]]
  [1m[35m (8.1ms)[0m  [1m[35mCOMMIT[0m
  [1m[35m (0.3ms)[0m  [1m[35mBEGIN[0m
  [1m[35mSQL (0.5ms)[0m  [1m[32mINSERT INTO "orders" ("reference", "created_at", "updated_at") VALUES ($1, $2, $3) RETURNING "id"[0m  [["reference", "ORD004"], ["created_at", "2017-09-20 14:06:50.428989"], ["updated_at", "2017-09-20 14:06:50.428989"]]
  [1m[35m (8.1ms)[0m  [1m[35mCOMMIT[0m
  [1m[35m (0.3ms)[0m  [1m[35mBEGIN[0m
  [1m[35mSQL (0.5ms)[0m  [1m[32mINSERT INTO "orders" ("reference", "created_at", "updated_at") VALUES ($1, $2, $3) RETURNING "id"[0m  [["reference", "ORD005"], ["created_at", "2017-09-20 14:06:50.440027"], ["updated_at", "2017-09-20 14:06:50.440027"]]
  [1m[35m (8.1ms)[0m  [1m[35mCOMMIT[0m
  [1m[35m (0.2ms)[0m  [1m[34mSELECT pg_try_advisory_lock(6525261842557757040);[0m
  [1m[36mActiveRecord::SchemaMigration Load (0.4ms)[0m  [1m[34mSELECT "schema_migrations".* FROM "schema_migrations"[0m
  [1m[36mActiveRecord::InternalMetadata Load (0.3ms)[0m  [1m[34mSELECT  "ar_internal_metadata".* FROM "ar_internal_metadata" WHERE "ar_internal_metadata"."key" = $1 LIMIT $2[0m  [["key", "environment"], ["LIMIT", 1]]
  [1m[35m (0.2ms)[0m  [1m[35mBEGIN[0m
  [1m[35m (0.2ms)[0m  [1m[35mCOMMIT[0m
  [1m[35m (0.2ms)[0m  [1m[34mSELECT pg_advisory_unlock(6525261842557757040)[0m
  [1m[36mActiveRecord::SchemaMigration Load (0.2ms)[0m  [1m[34mSELECT "schema_migrations".* FROM "schema_migrations"[0m
  [1m[36mActiveRecord::SchemaMigration Load (0.4ms)[0m  [1m[34mSELECT "schema_migrations".* FROM "schema_migrations"[0m
  [1m[35m (0.2ms)[0m  [1m[35mBEGIN[0m
  [1m[35mSQL (0.4ms)[0m  [1m[32mINSERT INTO "products" ("name", "created_at", "updated_at") VALUES ($1, $2, $3) RETURNING "id"[0m  [["name", "Product 001"], ["created_at", "2017-09-20 14:07:34.520275"], ["updated_at", "2017-09-20 14:07:34.520275"]]
  [1m[35m (19.1ms)[0m  [1m[35mCOMMIT[0m
  [1m[35m (0.2ms)[0m  [1m[35mBEGIN[0m
  [1m[35mSQL (0.3ms)[0m  [1m[32mINSERT INTO "products" ("name", "created_at", "updated_at") VALUES ($1, $2, $3) RETURNING "id"[0m  [["name", "Product 002"], ["created_at", "2017-09-20 14:07:34.541509"], ["updated_at", "2017-09-20 14:07:34.541509"]]
  [1m[35m (9.1ms)[0m  [1m[35mCOMMIT[0m
  [1m[35m (0.1ms)[0m  [1m[35mBEGIN[0m
  [1m[35mSQL (0.2ms)[0m  [1m[32mINSERT INTO "products" ("name", "created_at", "updated_at") VALUES ($1, $2, $3) RETURNING "id"[0m  [["name", "Product 003"], ["created_at", "2017-09-20 14:07:34.552156"], ["updated_at", "2017-09-20 14:07:34.552156"]]
  [1m[35m (9.8ms)[0m  [1m[35mCOMMIT[0m
  [1m[35m (0.2ms)[0m  [1m[35mBEGIN[0m
  [1m[35mSQL (0.3ms)[0m  [1m[32mINSERT INTO "products" ("name", "created_at", "updated_at") VALUES ($1, $2, $3) RETURNING "id"[0m  [["name", "Product 004"], ["created_at", "2017-09-20 14:07:34.563583"], ["updated_at", "2017-09-20 14:07:34.563583"]]
  [1m[35m (9.3ms)[0m  [1m[35mCOMMIT[0m
  [1m[35m (0.1ms)[0m  [1m[35mBEGIN[0m
  [1m[35mSQL (0.4ms)[0m  [1m[32mINSERT INTO "customers" ("name", "created_at", "updated_at") VALUES ($1, $2, $3) RETURNING "id"[0m  [["name", "Customer 001"], ["created_at", "2017-09-20 14:07:34.580537"], ["updated_at", "2017-09-20 14:07:34.580537"]]
  [1m[35m (3.0ms)[0m  [1m[35mCOMMIT[0m
  [1m[35m (0.1ms)[0m  [1m[35mBEGIN[0m
  [1m[35mSQL (0.3ms)[0m  [1m[32mINSERT INTO "customers" ("name", "created_at", "updated_at") VALUES ($1, $2, $3) RETURNING "id"[0m  [["name", "Customer 002"], ["created_at", "2017-09-20 14:07:34.585350"], ["updated_at", "2017-09-20 14:07:34.585350"]]
  [1m[35m (9.6ms)[0m  [1m[35mCOMMIT[0m
  [1m[35m (0.2ms)[0m  [1m[35mBEGIN[0m
  [1m[35mSQL (0.3ms)[0m  [1m[32mINSERT INTO "customers" ("name", "created_at", "updated_at") VALUES ($1, $2, $3) RETURNING "id"[0m  [["name", "Customer 003"], ["created_at", "2017-09-20 14:07:34.596800"], ["updated_at", "2017-09-20 14:07:34.596800"]]
  [1m[35m (9.2ms)[0m  [1m[35mCOMMIT[0m
  [1m[35m (0.3ms)[0m  [1m[35mBEGIN[0m
  [1m[35mSQL (0.4ms)[0m  [1m[32mINSERT INTO "customers" ("name", "created_at", "updated_at") VALUES ($1, $2, $3) RETURNING "id"[0m  [["name", "Customer 004"], ["created_at", "2017-09-20 14:07:34.608168"], ["updated_at", "2017-09-20 14:07:34.608168"]]
  [1m[35m (8.7ms)[0m  [1m[35mCOMMIT[0m
  [1m[35m (0.4ms)[0m  [1m[35mBEGIN[0m
  [1m[35mSQL (1.0ms)[0m  [1m[32mINSERT INTO "orders" ("reference", "created_at", "updated_at") VALUES ($1, $2, $3) RETURNING "id"[0m  [["reference", "ORD001"], ["created_at", "2017-09-20 14:07:34.635384"], ["updated_at", "2017-09-20 14:07:34.635384"]]
  [1m[35m (13.0ms)[0m  [1m[35mCOMMIT[0m
  [1m[35m (0.4ms)[0m  [1m[35mBEGIN[0m
  [1m[35mSQL (0.7ms)[0m  [1m[32mINSERT INTO "orders" ("reference", "created_at", "updated_at") VALUES ($1, $2, $3) RETURNING "id"[0m  [["reference", "ORD002"], ["created_at", "2017-09-20 14:07:34.653208"], ["updated_at", "2017-09-20 14:07:34.653208"]]
  [1m[35m (6.9ms)[0m  [1m[35mCOMMIT[0m
  [1m[35m (0.4ms)[0m  [1m[35mBEGIN[0m
  [1m[35mSQL (0.8ms)[0m  [1m[32mINSERT INTO "orders" ("reference", "created_at", "updated_at") VALUES ($1, $2, $3) RETURNING "id"[0m  [["reference", "ORD003"], ["created_at", "2017-09-20 14:07:34.664303"], ["updated_at", "2017-09-20 14:07:34.664303"]]
  [1m[35m (6.5ms)[0m  [1m[35mCOMMIT[0m
  [1m[35m (0.4ms)[0m  [1m[35mBEGIN[0m
  [1m[35mSQL (0.7ms)[0m  [1m[32mINSERT INTO "orders" ("reference", "created_at", "updated_at") VALUES ($1, $2, $3) RETURNING "id"[0m  [["reference", "ORD004"], ["created_at", "2017-09-20 14:07:34.675397"], ["updated_at", "2017-09-20 14:07:34.675397"]]
  [1m[35m (7.0ms)[0m  [1m[35mCOMMIT[0m
  [1m[35m (0.4ms)[0m  [1m[35mBEGIN[0m
  [1m[35mSQL (0.7ms)[0m  [1m[32mINSERT INTO "orders" ("reference", "created_at", "updated_at") VALUES ($1, $2, $3) RETURNING "id"[0m  [["reference", "ORD005"], ["created_at", "2017-09-20 14:07:34.686448"], ["updated_at", "2017-09-20 14:07:34.686448"]]
  [1m[35m (6.9ms)[0m  [1m[35mCOMMIT[0m
  [1m[36mActiveRecord::SchemaMigration Load (0.4ms)[0m  [1m[34mSELECT "schema_migrations".* FROM "schema_migrations"[0m
  [1m[35m (0.2ms)[0m  [1m[35mBEGIN[0m
  [1m[35mSQL (0.4ms)[0m  [1m[32mINSERT INTO "products" ("name", "created_at", "updated_at") VALUES ($1, $2, $3) RETURNING "id"[0m  [["name", "Product 001"], ["created_at", "2017-09-20 14:09:05.547298"], ["updated_at", "2017-09-20 14:09:05.547298"]]
  [1m[35m (19.0ms)[0m  [1m[35mCOMMIT[0m
  [1m[35m (0.2ms)[0m  [1m[35mBEGIN[0m
  [1m[35mSQL (0.3ms)[0m  [1m[32mINSERT INTO "products" ("name", "created_at", "updated_at") VALUES ($1, $2, $3) RETURNING "id"[0m  [["name", "Product 002"], ["created_at", "2017-09-20 14:09:05.568138"], ["updated_at", "2017-09-20 14:09:05.568138"]]
  [1m[35m (9.8ms)[0m  [1m[35mCOMMIT[0m
  [1m[35m (0.4ms)[0m  [1m[35mBEGIN[0m
  [1m[35mSQL (0.8ms)[0m  [1m[32mINSERT INTO "products" ("name", "created_at", "updated_at") VALUES ($1, $2, $3) RETURNING "id"[0m  [["name", "Product 003"], ["created_at", "2017-09-20 14:09:05.580537"], ["updated_at", "2017-09-20 14:09:05.580537"]]
  [1m[35m (7.0ms)[0m  [1m[35mCOMMIT[0m
  [1m[35m (0.5ms)[0m  [1m[35mBEGIN[0m
  [1m[35mSQL (0.8ms)[0m  [1m[32mINSERT INTO "products" ("name", "created_at", "updated_at") VALUES ($1, $2, $3) RETURNING "id"[0m  [["name", "Product 004"], ["created_at", "2017-09-20 14:09:05.591698"], ["updated_at", "2017-09-20 14:09:05.591698"]]
  [1m[35m (6.8ms)[0m  [1m[35mCOMMIT[0m
  [1m[35m (0.5ms)[0m  [1m[35mBEGIN[0m
  [1m[35mSQL (0.9ms)[0m  [1m[32mINSERT INTO "customers" ("name", "created_at", "updated_at") VALUES ($1, $2, $3) RETURNING "id"[0m  [["name", "Customer 001"], ["created_at", "2017-09-20 14:09:05.619982"], ["updated_at", "2017-09-20 14:09:05.619982"]]
  [1m[35m (11.3ms)[0m  [1m[35mCOMMIT[0m
  [1m[35m (0.4ms)[0m  [1m[35mBEGIN[0m
  [1m[35mSQL (0.8ms)[0m  [1m[32mINSERT INTO "customers" ("name", "created_at", "updated_at") VALUES ($1, $2, $3) RETURNING "id"[0m  [["name", "Customer 002"], ["created_at", "2017-09-20 14:09:05.635771"], ["updated_at", "2017-09-20 14:09:05.635771"]]
  [1m[35m (7.0ms)[0m  [1m[35mCOMMIT[0m
  [1m[35m (0.4ms)[0m  [1m[35mBEGIN[0m
  [1m[35mSQL (0.8ms)[0m  [1m[32mINSERT INTO "customers" ("name", "created_at", "updated_at") VALUES ($1, $2, $3) RETURNING "id"[0m  [["name", "Customer 003"], ["created_at", "2017-09-20 14:09:05.647509"], ["updated_at", "2017-09-20 14:09:05.647509"]]
  [1m[35m (6.3ms)[0m  [1m[35mCOMMIT[0m
  [1m[35m (0.4ms)[0m  [1m[35mBEGIN[0m
  [1m[35mSQL (0.8ms)[0m  [1m[32mINSERT INTO "customers" ("name", "created_at", "updated_at") VALUES ($1, $2, $3) RETURNING "id"[0m  [["name", "Customer 004"], ["created_at", "2017-09-20 14:09:05.658080"], ["updated_at", "2017-09-20 14:09:05.658080"]]
  [1m[35m (6.8ms)[0m  [1m[35mCOMMIT[0m
  [1m[35m (0.4ms)[0m  [1m[35mBEGIN[0m
  [1m[35mSQL (1.1ms)[0m  [1m[32mINSERT INTO "orders" ("reference", "created_at", "updated_at") VALUES ($1, $2, $3) RETURNING "id"[0m  [["reference", "ORD001"], ["created_at", "2017-09-20 14:09:05.685263"], ["updated_at", "2017-09-20 14:09:05.685263"]]
  [1m[35m (11.9ms)[0m  [1m[35mCOMMIT[0m
  [1m[35m (0.4ms)[0m  [1m[35mBEGIN[0m
  [1m[35mSQL (0.8ms)[0m  [1m[32mINSERT INTO "orders" ("reference", "created_at", "updated_at") VALUES ($1, $2, $3) RETURNING "id"[0m  [["reference", "ORD002"], ["created_at", "2017-09-20 14:09:05.702452"], ["updated_at", "2017-09-20 14:09:05.702452"]]
  [1m[35m (6.5ms)[0m  [1m[35mCOMMIT[0m
  [1m[35m (0.5ms)[0m  [1m[35mBEGIN[0m
  [1m[35mSQL (1.1ms)[0m  [1m[32mINSERT INTO "orders" ("reference", "created_at", "updated_at") VALUES ($1, $2, $3) RETURNING "id"[0m  [["reference", "ORD003"], ["created_at", "2017-09-20 14:09:05.713720"], ["updated_at", "2017-09-20 14:09:05.713720"]]
  [1m[35m (5.8ms)[0m  [1m[35mCOMMIT[0m
  [1m[35m (0.4ms)[0m  [1m[35mBEGIN[0m
  [1m[35mSQL (0.8ms)[0m  [1m[32mINSERT INTO "orders" ("reference", "created_at", "updated_at") VALUES ($1, $2, $3) RETURNING "id"[0m  [["reference", "ORD004"], ["created_at", "2017-09-20 14:09:05.724699"], ["updated_at", "2017-09-20 14:09:05.724699"]]
  [1m[35m (6.2ms)[0m  [1m[35mCOMMIT[0m
  [1m[35m (0.4ms)[0m  [1m[35mBEGIN[0m
  [1m[35mSQL (0.8ms)[0m  [1m[32mINSERT INTO "orders" ("reference", "created_at", "updated_at") VALUES ($1, $2, $3) RETURNING "id"[0m  [["reference", "ORD005"], ["created_at", "2017-09-20 14:09:05.735331"], ["updated_at", "2017-09-20 14:09:05.735331"]]
  [1m[35m (7.0ms)[0m  [1m[35mCOMMIT[0m
  [1m[36mActiveRecord::SchemaMigration Load (0.4ms)[0m  [1m[34mSELECT "schema_migrations".* FROM "schema_migrations"[0m
  [1m[35m (0.2ms)[0m  [1m[35mBEGIN[0m
  [1m[35mSQL (0.4ms)[0m  [1m[32mINSERT INTO "products" ("name", "created_at", "updated_at") VALUES ($1, $2, $3) RETURNING "id"[0m  [["name", "Product 001"], ["created_at", "2017-09-20 14:09:14.626728"], ["updated_at", "2017-09-20 14:09:14.626728"]]
  [1m[35m (16.7ms)[0m  [1m[35mCOMMIT[0m
  [1m[35m (0.3ms)[0m  [1m[35mBEGIN[0m
  [1m[35mSQL (0.3ms)[0m  [1m[32mINSERT INTO "products" ("name", "created_at", "updated_at") VALUES ($1, $2, $3) RETURNING "id"[0m  [["name", "Product 002"], ["created_at", "2017-09-20 14:09:14.646093"], ["updated_at", "2017-09-20 14:09:14.646093"]]
  [1m[35m (9.0ms)[0m  [1m[35mCOMMIT[0m
  [1m[35m (0.1ms)[0m  [1m[35mBEGIN[0m
  [1m[35mSQL (0.3ms)[0m  [1m[32mINSERT INTO "products" ("name", "created_at", "updated_at") VALUES ($1, $2, $3) RETURNING "id"[0m  [["name", "Product 003"], ["created_at", "2017-09-20 14:09:14.656525"], ["updated_at", "2017-09-20 14:09:14.656525"]]
  [1m[35m (9.6ms)[0m  [1m[35mCOMMIT[0m
  [1m[35m (0.2ms)[0m  [1m[35mBEGIN[0m
  [1m[35mSQL (0.3ms)[0m  [1m[32mINSERT INTO "products" ("name", "created_at", "updated_at") VALUES ($1, $2, $3) RETURNING "id"[0m  [["name", "Product 004"], ["created_at", "2017-09-20 14:09:14.667955"], ["updated_at", "2017-09-20 14:09:14.667955"]]
  [1m[35m (9.1ms)[0m  [1m[35mCOMMIT[0m
  [1m[35m (0.3ms)[0m  [1m[35mBEGIN[0m
  [1m[35mSQL (0.5ms)[0m  [1m[32mINSERT INTO "customers" ("name", "created_at", "updated_at") VALUES ($1, $2, $3) RETURNING "id"[0m  [["name", "Customer 001"], ["created_at", "2017-09-20 14:09:14.687823"], ["updated_at", "2017-09-20 14:09:14.687823"]]
  [1m[35m (10.8ms)[0m  [1m[35mCOMMIT[0m
  [1m[35m (0.3ms)[0m  [1m[35mBEGIN[0m
  [1m[35mSQL (0.5ms)[0m  [1m[32mINSERT INTO "customers" ("name", "created_at", "updated_at") VALUES ($1, $2, $3) RETURNING "id"[0m  [["name", "Customer 002"], ["created_at", "2017-09-20 14:09:14.701603"], ["updated_at", "2017-09-20 14:09:14.701603"]]
  [1m[35m (8.4ms)[0m  [1m[35mCOMMIT[0m
  [1m[35m (0.4ms)[0m  [1m[35mBEGIN[0m
  [1m[35mSQL (0.6ms)[0m  [1m[32mINSERT INTO "customers" ("name", "created_at", "updated_at") VALUES ($1, $2, $3) RETURNING "id"[0m  [["name", "Customer 003"], ["created_at", "2017-09-20 14:09:14.712846"], ["updated_at", "2017-09-20 14:09:14.712846"]]
  [1m[35m (7.6ms)[0m  [1m[35mCOMMIT[0m
  [1m[35m (0.5ms)[0m  [1m[35mBEGIN[0m
  [1m[35mSQL (1.0ms)[0m  [1m[32mINSERT INTO "customers" ("name", "created_at", "updated_at") VALUES ($1, $2, $3) RETURNING "id"[0m  [["name", "Customer 004"], ["created_at", "2017-09-20 14:09:14.725102"], ["updated_at", "2017-09-20 14:09:14.725102"]]
  [1m[35m (5.4ms)[0m  [1m[35mCOMMIT[0m
  [1m[35m (0.5ms)[0m  [1m[35mBEGIN[0m
  [1m[35mSQL (1.2ms)[0m  [1m[32mINSERT INTO "orders" ("reference", "created_at", "updated_at") VALUES ($1, $2, $3) RETURNING "id"[0m  [["reference", "ORD001"], ["created_at", "2017-09-20 14:09:14.754752"], ["updated_at", "2017-09-20 14:09:14.754752"]]
  [1m[35m (8.4ms)[0m  [1m[35mCOMMIT[0m
  [1m[35m (0.4ms)[0m  [1m[35mBEGIN[0m
  [1m[35mSQL (0.8ms)[0m  [1m[32mINSERT INTO "orders" ("reference", "created_at", "updated_at") VALUES ($1, $2, $3) RETURNING "id"[0m  [["reference", "ORD002"], ["created_at", "2017-09-20 14:09:14.768967"], ["updated_at", "2017-09-20 14:09:14.768967"]]
  [1m[35m (6.3ms)[0m  [1m[35mCOMMIT[0m
  [1m[35m (0.6ms)[0m  [1m[35mBEGIN[0m
  [1m[35mSQL (0.9ms)[0m  [1m[32mINSERT INTO "orders" ("reference", "created_at", "updated_at") VALUES ($1, $2, $3) RETURNING "id"[0m  [["reference", "ORD003"], ["created_at", "2017-09-20 14:09:14.780055"], ["updated_at", "2017-09-20 14:09:14.780055"]]
  [1m[35m (6.0ms)[0m  [1m[35mCOMMIT[0m
  [1m[35m (0.5ms)[0m  [1m[35mBEGIN[0m
  [1m[35mSQL (0.9ms)[0m  [1m[32mINSERT INTO "orders" ("reference", "created_at", "updated_at") VALUES ($1, $2, $3) RETURNING "id"[0m  [["reference", "ORD004"], ["created_at", "2017-09-20 14:09:14.790766"], ["updated_at", "2017-09-20 14:09:14.790766"]]
  [1m[35m (6.6ms)[0m  [1m[35mCOMMIT[0m
  [1m[35m (0.4ms)[0m  [1m[35mBEGIN[0m
  [1m[35mSQL (0.8ms)[0m  [1m[32mINSERT INTO "orders" ("reference", "created_at", "updated_at") VALUES ($1, $2, $3) RETURNING "id"[0m  [["reference", "ORD005"], ["created_at", "2017-09-20 14:09:14.801899"], ["updated_at", "2017-09-20 14:09:14.801899"]]
  [1m[35m (6.6ms)[0m  [1m[35mCOMMIT[0m
  [1m[36mProduct Load (0.4ms)[0m  [1m[34mSELECT "products".* FROM "products"[0m
Started GET "/products" for 127.0.0.1 at 2017-09-20 16:47:49 +0100
  [1m[36mActiveRecord::SchemaMigration Load (0.7ms)[0m  [1m[34mSELECT "schema_migrations".* FROM "schema_migrations"[0m
Processing by ProductsController#index as HTML
  [1m[36mProduct Load (1.4ms)[0m  [1m[34mSELECT "products".* FROM "products"[0m
Completed 200 OK in 68ms (Views: 21.7ms | ActiveRecord: 28.4ms)


Started GET "/products" for 127.0.0.1 at 2017-09-20 16:47:57 +0100
Processing by ProductsController#index as HTML
  [1m[36mProduct Load (0.4ms)[0m  [1m[34mSELECT "products".* FROM "products"[0m
Completed 200 OK in 4ms (Views: 3.1ms | ActiveRecord: 0.4ms)


Started GET "/products" for 127.0.0.1 at 2017-09-20 16:49:11 +0100
Processing by ProductsController#index as HTML
  [1m[36mProduct Load (0.3ms)[0m  [1m[34mSELECT "products".* FROM "products"[0m
Completed 200 OK in 4ms (Views: 3.3ms | ActiveRecord: 0.3ms)


Started GET "/products" for 127.0.0.1 at 2017-09-20 16:50:09 +0100
Processing by ProductsController#index as HTML
  [1m[36mProduct Load (0.4ms)[0m  [1m[34mSELECT "products".* FROM "products"[0m
Completed 200 OK in 5ms (Views: 4.2ms | ActiveRecord: 0.4ms)


Started GET "/products" for 127.0.0.1 at 2017-09-20 16:50:24 +0100
Processing by ProductsController#index as HTML
  [1m[36mProduct Load (0.4ms)[0m  [1m[34mSELECT "products".* FROM "products"[0m
Completed 200 OK in 4ms (Views: 3.3ms | ActiveRecord: 0.4ms)


Started GET "/products" for 127.0.0.1 at 2017-09-20 16:50:27 +0100
Processing by ProductsController#index as HTML
  [1m[36mProduct Load (0.5ms)[0m  [1m[34mSELECT "products".* FROM "products"[0m
Completed 200 OK in 6ms (Views: 4.9ms | ActiveRecord: 0.5ms)


Started GET "/products" for 127.0.0.1 at 2017-09-20 16:50:55 +0100
Processing by ProductsController#index as HTML
  [1m[36mProduct Load (0.5ms)[0m  [1m[34mSELECT "products".* FROM "products"[0m
Completed 200 OK in 7ms (Views: 6.2ms | ActiveRecord: 0.5ms)


Started GET "/products" for 127.0.0.1 at 2017-09-20 16:51:11 +0100
Processing by ProductsController#index as HTML
  [1m[36mProduct Load (0.4ms)[0m  [1m[34mSELECT "products".* FROM "products"[0m
Completed 200 OK in 6ms (Views: 5.0ms | ActiveRecord: 0.4ms)


Started GET "/products" for 127.0.0.1 at 2017-09-20 16:51:35 +0100
Processing by ProductsController#index as HTML
  [1m[36mProduct Load (0.5ms)[0m  [1m[34mSELECT "products".* FROM "products"[0m
Completed 200 OK in 6ms (Views: 4.9ms | ActiveRecord: 0.5ms)


Started GET "/products" for 127.0.0.1 at 2017-09-20 16:51:39 +0100
Processing by ProductsController#index as HTML
  [1m[36mProduct Load (0.5ms)[0m  [1m[34mSELECT "products".* FROM "products"[0m
Completed 200 OK in 6ms (Views: 5.0ms | ActiveRecord: 0.5ms)


Started GET "/products" for 127.0.0.1 at 2017-09-20 16:53:17 +0100
Processing by ProductsController#index as HTML
  [1m[36mProduct Load (0.5ms)[0m  [1m[34mSELECT "products".* FROM "products"[0m
Completed 200 OK in 10ms (Views: 9.3ms | ActiveRecord: 0.5ms)


Started GET "/products" for 127.0.0.1 at 2017-09-20 16:53:51 +0100
Processing by ProductsController#index as HTML
  [1m[36mProduct Load (0.4ms)[0m  [1m[34mSELECT "products".* FROM "products"[0m
Completed 200 OK in 6ms (Views: 5.6ms | ActiveRecord: 0.4ms)


Started GET "/products" for 127.0.0.1 at 2017-09-20 16:54:54 +0100
Processing by ProductsController#index as HTML
  [1m[36mProduct Load (0.5ms)[0m  [1m[34mSELECT "products".* FROM "products"[0m
Completed 200 OK in 8ms (Views: 7.1ms | ActiveRecord: 0.5ms)


Started GET "/products" for 127.0.0.1 at 2017-09-20 16:56:14 +0100
Processing by ProductsController#index as HTML
  [1m[36mProduct Load (0.4ms)[0m  [1m[34mSELECT "products".* FROM "products"[0m
Completed 200 OK in 6ms (Views: 5.3ms | ActiveRecord: 0.4ms)


Started GET "/products" for 127.0.0.1 at 2017-09-20 16:56:15 +0100
Processing by ProductsController#index as HTML
  [1m[36mProduct Load (0.5ms)[0m  [1m[34mSELECT "products".* FROM "products"[0m
Completed 200 OK in 7ms (Views: 6.2ms | ActiveRecord: 0.5ms)


Started GET "/products" for 127.0.0.1 at 2017-09-20 16:56:19 +0100
Processing by ProductsController#index as HTML
  [1m[36mProduct Load (0.6ms)[0m  [1m[34mSELECT "products".* FROM "products"[0m
Completed 200 OK in 6ms (Views: 5.2ms | ActiveRecord: 0.6ms)


Started GET "/products" for 127.0.0.1 at 2017-09-20 16:56:32 +0100
Processing by ProductsController#index as HTML
  [1m[36mProduct Load (0.4ms)[0m  [1m[34mSELECT "products".* FROM "products"[0m
Completed 200 OK in 5ms (Views: 4.8ms | ActiveRecord: 0.4ms)


Started GET "/products" for 127.0.0.1 at 2017-09-20 16:57:52 +0100
Processing by ProductsController#index as HTML
  [1m[36mProduct Load (0.5ms)[0m  [1m[34mSELECT "products".* FROM "products"[0m
Completed 200 OK in 7ms (Views: 5.8ms | ActiveRecord: 0.5ms)


Started GET "/products" for 127.0.0.1 at 2017-09-20 16:58:21 +0100
Processing by ProductsController#index as HTML
  [1m[36mProduct Load (0.5ms)[0m  [1m[34mSELECT "products".* FROM "products"[0m
Completed 200 OK in 8ms (Views: 7.6ms | ActiveRecord: 0.5ms)


Started GET "/products" for 127.0.0.1 at 2017-09-20 16:58:23 +0100
Processing by ProductsController#index as HTML
  [1m[36mProduct Load (0.4ms)[0m  [1m[34mSELECT "products".* FROM "products"[0m
Completed 200 OK in 6ms (Views: 4.8ms | ActiveRecord: 0.4ms)


Started GET "/products" for 127.0.0.1 at 2017-09-20 16:59:35 +0100
Processing by ProductsController#index as HTML
  [1m[36mProduct Load (1.0ms)[0m  [1m[34mSELECT "products".* FROM "products"[0m
Completed 200 OK in 27ms (Views: 25.1ms | ActiveRecord: 1.0ms)


Started GET "/products" for 127.0.0.1 at 2017-09-20 17:01:37 +0100
Processing by ProductsController#index as HTML
  [1m[36mProduct Load (0.5ms)[0m  [1m[34mSELECT "products".* FROM "products"[0m
Completed 200 OK in 6ms (Views: 5.0ms | ActiveRecord: 0.5ms)


Started GET "/products" for 127.0.0.1 at 2017-09-20 17:01:57 +0100
Processing by ProductsController#index as HTML
  [1m[36mProduct Load (0.5ms)[0m  [1m[34mSELECT "products".* FROM "products"[0m
Completed 200 OK in 4ms (Views: 3.2ms | ActiveRecord: 0.5ms)


Started GET "/products" for 127.0.0.1 at 2017-09-20 17:02:05 +0100
Processing by ProductsController#index as HTML
  [1m[36mProduct Load (0.4ms)[0m  [1m[34mSELECT "products".* FROM "products"[0m
Completed 200 OK in 6ms (Views: 5.3ms | ActiveRecord: 0.4ms)


Started GET "/products" for 127.0.0.1 at 2017-09-20 17:03:32 +0100
Processing by ProductsController#index as HTML
  [1m[36mProduct Load (0.4ms)[0m  [1m[34mSELECT "products".* FROM "products"[0m
Completed 200 OK in 6ms (Views: 4.9ms | ActiveRecord: 0.4ms)


Started GET "/products" for 127.0.0.1 at 2017-09-20 17:04:05 +0100
Processing by ProductsController#index as HTML
  [1m[36mProduct Load (0.6ms)[0m  [1m[34mSELECT "products".* FROM "products"[0m
Completed 200 OK in 6ms (Views: 5.1ms | ActiveRecord: 0.6ms)


Started GET "/products" for 127.0.0.1 at 2017-09-20 17:09:24 +0100
Processing by ProductsController#index as HTML
  [1m[36mProduct Load (0.5ms)[0m  [1m[34mSELECT "products".* FROM "products"[0m
Completed 200 OK in 9ms (Views: 8.3ms | ActiveRecord: 0.5ms)


Started GET "/products" for 127.0.0.1 at 2017-09-20 17:09:31 +0100
Processing by ProductsController#index as HTML
  [1m[36mProduct Load (0.5ms)[0m  [1m[34mSELECT "products".* FROM "products"[0m
Completed 200 OK in 6ms (Views: 5.4ms | ActiveRecord: 0.5ms)


Started POST "/products" for 127.0.0.1 at 2017-09-20 17:13:52 +0100
Processing by ProductsController#create as HTML
  Parameters: {"name"=>"Product 005", "product"=>{"name"=>"Product 005"}}
  [1m[35m (16.1ms)[0m  [1m[35mBEGIN[0m
  [1m[35mSQL (299.7ms)[0m  [1m[32mINSERT INTO "products" ("name", "created_at", "updated_at") VALUES ($1, $2, $3) RETURNING "id"[0m  [["name", "Product 005"], ["created_at", "2017-09-20 16:13:52.562357"], ["updated_at", "2017-09-20 16:13:52.562357"]]
  [1m[35m (30.5ms)[0m  [1m[35mCOMMIT[0m
Completed 201 Created in 393ms (Views: 3.1ms | ActiveRecord: 346.2ms)


Started GET "/products" for 127.0.0.1 at 2017-09-20 17:13:59 +0100
Processing by ProductsController#index as HTML
  [1m[36mProduct Load (0.9ms)[0m  [1m[34mSELECT "products".* FROM "products"[0m
Completed 200 OK in 17ms (Views: 15.5ms | ActiveRecord: 0.9ms)


Started GET "/products/1" for 127.0.0.1 at 2017-09-20 17:14:12 +0100
Processing by ProductsController#show as HTML
  Parameters: {"id"=>"1"}
  [1m[36mProduct Load (16.4ms)[0m  [1m[34mSELECT  "products".* FROM "products" WHERE "products"."id" = $1 LIMIT $2[0m  [["id", 1], ["LIMIT", 1]]
Completed 200 OK in 371ms (Views: 1.9ms | ActiveRecord: 17.0ms)


Started PUT "/products/1" for 127.0.0.1 at 2017-09-20 17:14:19 +0100
Processing by ProductsController#update as HTML
  Parameters: {"id"=>"1", "name"=>"Product 001-1", "created_at"=>"2017-09-20T14:06:37.258Z", "updated_at"=>"2017-09-20T14:06:37.258Z", "product"=>{"id"=>"1", "name"=>"Product 001-1", "created_at"=>"2017-09-20T14:06:37.258Z", "updated_at"=>"2017-09-20T14:06:37.258Z"}}
  [1m[36mProduct Load (0.8ms)[0m  [1m[34mSELECT  "products".* FROM "products" WHERE "products"."id" = $1 LIMIT $2[0m  [["id", 1], ["LIMIT", 1]]
Unpermitted parameters: id, created_at, updated_at
  [1m[35m (0.2ms)[0m  [1m[35mBEGIN[0m
  [1m[35mSQL (30.5ms)[0m  [1m[33mUPDATE "products" SET "name" = $1, "updated_at" = $2 WHERE "products"."id" = $3[0m  [["name", "Product 001-1"], ["updated_at", "2017-09-20 16:14:19.510208"], ["id", 1]]
  [1m[35m (11.2ms)[0m  [1m[35mCOMMIT[0m
Completed 200 OK in 53ms (Views: 0.7ms | ActiveRecord: 43.1ms)


Started GET "/products" for 127.0.0.1 at 2017-09-20 17:15:26 +0100
Processing by ProductsController#index as HTML
  [1m[36mProduct Load (1.4ms)[0m  [1m[34mSELECT "products".* FROM "products"[0m
Completed 200 OK in 16ms (Views: 14.4ms | ActiveRecord: 1.4ms)


Started GET "/products" for 127.0.0.1 at 2017-09-20 17:16:23 +0100
Processing by ProductsController#index as HTML
  [1m[36mProduct Load (0.4ms)[0m  [1m[34mSELECT "products".* FROM "products"[0m
Completed 200 OK in 6ms (Views: 5.7ms | ActiveRecord: 0.4ms)


Started DELETE "/products/1" for 127.0.0.1 at 2017-09-20 17:16:31 +0100
Processing by ProductsController#destroy as HTML
  Parameters: {"id"=>"1"}
  [1m[36mProduct Load (0.8ms)[0m  [1m[34mSELECT  "products".* FROM "products" WHERE "products"."id" = $1 LIMIT $2[0m  [["id", 1], ["LIMIT", 1]]
  [1m[35m (0.7ms)[0m  [1m[35mBEGIN[0m
  [1m[35mSQL (0.6ms)[0m  [1m[31mDELETE FROM "products" WHERE "products"."id" = $1[0m  [["id", 1]]
  [1m[35m (18.9ms)[0m  [1m[35mCOMMIT[0m
Completed 204 No Content in 28ms (ActiveRecord: 21.0ms)


Started GET "/products" for 127.0.0.1 at 2017-09-20 17:16:43 +0100
Processing by ProductsController#index as HTML
  [1m[36mProduct Load (1.3ms)[0m  [1m[34mSELECT "products".* FROM "products"[0m
Completed 200 OK in 48ms (Views: 46.3ms | ActiveRecord: 1.3ms)


  [1m[36mProduct Load (1.4ms)[0m  [1m[34mSELECT "products".* FROM "products"[0m
Started GET "/products" for 127.0.0.1 at 2017-09-20 17:24:41 +0100
  [1m[36mActiveRecord::SchemaMigration Load (1.0ms)[0m  [1m[34mSELECT "schema_migrations".* FROM "schema_migrations"[0m
Processing by ProductsController#index as HTML
  [1m[36mProduct Load (0.4ms)[0m  [1m[34mSELECT "products".* FROM "products"[0m
[active_model_serializers] Rendered ActiveModel::Serializer::CollectionSerializer with ActiveModelSerializers::Adapter::Attributes (1.55ms)
Completed 200 OK in 68ms (Views: 63.5ms | ActiveRecord: 2.7ms)


Started GET "/products" for 127.0.0.1 at 2017-09-20 17:38:58 +0100
Processing by ProductsController#index as */*
  [1m[36mProduct Load (1.5ms)[0m  [1m[34mSELECT "products".* FROM "products"[0m
[active_model_serializers] Rendered ActiveModel::Serializer::CollectionSerializer with ActiveModelSerializers::Adapter::Attributes (70.09ms)
Completed 200 OK in 100ms (Views: 97.5ms | ActiveRecord: 1.5ms)


Started GET "/products" for 127.0.0.1 at 2017-09-20 17:44:29 +0100
Processing by ProductsController#index as HTML
  [1m[36mProduct Load (0.5ms)[0m  [1m[34mSELECT "products".* FROM "products"[0m
[active_model_serializers] Rendered ActiveModel::Serializer::CollectionSerializer with ActiveModelSerializers::Adapter::Attributes (1.0ms)
Completed 200 OK in 4ms (Views: 2.9ms | ActiveRecord: 0.5ms)


Started GET "/products" for 127.0.0.1 at 2017-09-20 17:45:44 +0100
Processing by ProductsController#index as HTML
  [1m[36mProduct Load (0.9ms)[0m  [1m[34mSELECT "products".* FROM "products"[0m
[active_model_serializers] Rendered ActiveModel::Serializer::CollectionSerializer with ActiveModelSerializers::Adapter::Attributes (1.1ms)
Completed 200 OK in 4ms (Views: 2.9ms | ActiveRecord: 0.9ms)


Started GET "/products" for 127.0.0.1 at 2017-09-20 17:46:27 +0100
Processing by ProductsController#index as HTML
  [1m[36mProduct Load (0.4ms)[0m  [1m[34mSELECT "products".* FROM "products"[0m
[active_model_serializers] Rendered ActiveModel::Serializer::CollectionSerializer with ActiveModelSerializers::Adapter::Attributes (1.15ms)
Completed 200 OK in 4ms (Views: 3.0ms | ActiveRecord: 0.4ms)


Started GET "/products" for 127.0.0.1 at 2017-09-20 17:46:35 +0100
Processing by ProductsController#index as HTML
  [1m[36mProduct Load (0.4ms)[0m  [1m[34mSELECT "products".* FROM "products"[0m
[active_model_serializers] Rendered ActiveModel::Serializer::CollectionSerializer with ActiveModelSerializers::Adapter::Attributes (0.73ms)
Completed 200 OK in 3ms (Views: 2.2ms | ActiveRecord: 0.4ms)


Started DELETE "/products/21" for 127.0.0.1 at 2017-09-21 11:04:51 +0100
Processing by ProductsController#destroy as HTML
  Parameters: {"id"=>"21"}
Started DELETE "/products/20" for 127.0.0.1 at 2017-09-21 11:05:04 +0100
Processing by ProductsController#destroy as HTML
  Parameters: {"id"=>"20"}
  [1m[36mProduct Load (766.5ms)[0m  [1m[34mSELECT  "products".* FROM "products" WHERE "products"."id" = $1 LIMIT $2[0m  [["id", 21], ["LIMIT", 1]]
  [1m[36mProduct Load (404.5ms)[0m  [1m[34mSELECT  "products".* FROM "products" WHERE "products"."id" = $1 LIMIT $2[0m  [["id", 20], ["LIMIT", 1]]
  [1m[35m (0.8ms)[0m  [1m[35mBEGIN[0m
  [1m[35m (546.2ms)[0m  [1m[35mBEGIN[0m
  [1m[35mSQL (212.2ms)[0m  [1m[31mDELETE FROM "products" WHERE "products"."id" = $1[0m  [["id", 20]]
  [1m[35mSQL (375.5ms)[0m  [1m[31mDELETE FROM "products" WHERE "products"."id" = $1[0m  [["id", 21]]
  [1m[35m (176.3ms)[0m  [1m[35mCOMMIT[0m
Completed 204 No Content in 12622ms (ActiveRecord: 1722.4ms)


  [1m[35m (318.1ms)[0m  [1m[35mCOMMIT[0m
Completed 204 No Content in 2852ms (ActiveRecord: 1755.1ms)


Started GET "/products" for 127.0.0.1 at 2017-09-21 11:07:07 +0100
Processing by ProductsController#index as HTML
  [1m[36mProduct Load (13.4ms)[0m  [1m[34mSELECT "products".* FROM "products"[0m
[active_model_serializers] Rendered ActiveModel::Serializer::CollectionSerializer with ActiveModelSerializers::Adapter::Attributes (217.35ms)
Completed 200 OK in 743ms (Views: 668.6ms | ActiveRecord: 13.4ms)


Started GET "/products/2" for 127.0.0.1 at 2017-09-21 11:07:32 +0100
Processing by ProductsController#show as HTML
  Parameters: {"id"=>"2"}
  [1m[36mProduct Load (36.1ms)[0m  [1m[34mSELECT  "products".* FROM "products" WHERE "products"."id" = $1 LIMIT $2[0m  [["id", 2], ["LIMIT", 1]]
[active_model_serializers] Rendered ProductSerializer with ActiveModelSerializers::Adapter::Attributes (7.96ms)
Completed 200 OK in 149ms (Views: 96.8ms | ActiveRecord: 36.1ms)


Started PUT "/products/2" for 127.0.0.1 at 2017-09-21 11:07:38 +0100
Processing by ProductsController#update as HTML
  Parameters: {"id"=>"2", "name"=>"Product 002-1", "product"=>{"id"=>"2", "name"=>"Product 002-1"}}
  [1m[36mProduct Load (1.2ms)[0m  [1m[34mSELECT  "products".* FROM "products" WHERE "products"."id" = $1 LIMIT $2[0m  [["id", 2], ["LIMIT", 1]]
Unpermitted parameter: id
  [1m[35m (0.5ms)[0m  [1m[35mBEGIN[0m
  [1m[35mSQL (70.0ms)[0m  [1m[33mUPDATE "products" SET "name" = $1, "updated_at" = $2 WHERE "products"."id" = $3[0m  [["name", "Product 002-1"], ["updated_at", "2017-09-21 10:07:38.755235"], ["id", 2]]
  [1m[35m (65.9ms)[0m  [1m[35mCOMMIT[0m
[active_model_serializers] Rendered ProductSerializer with ActiveModelSerializers::Adapter::Attributes (10.59ms)
Completed 200 OK in 1008ms (Views: 131.1ms | ActiveRecord: 137.6ms)


Started GET "/products" for 127.0.0.1 at 2017-09-21 11:07:43 +0100
Processing by ProductsController#index as HTML
  [1m[36mProduct Load (14.2ms)[0m  [1m[34mSELECT "products".* FROM "products"[0m
[active_model_serializers] Rendered ActiveModel::Serializer::CollectionSerializer with ActiveModelSerializers::Adapter::Attributes (343.21ms)
Completed 200 OK in 574ms (Views: 559.4ms | ActiveRecord: 14.2ms)


Started GET "/products" for 127.0.0.1 at 2017-09-21 11:07:56 +0100
Processing by ProductsController#index as HTML
  [1m[36mProduct Load (0.4ms)[0m  [1m[34mSELECT "products".* FROM "products"[0m
[active_model_serializers] Rendered ActiveModel::Serializer::CollectionSerializer with ActiveModelSerializers::Adapter::Attributes (112.98ms)
Completed 200 OK in 194ms (Views: 181.5ms | ActiveRecord: 0.4ms)


Started GET "/products" for 127.0.0.1 at 2017-09-21 11:17:21 +0100
Processing by ProductsController#index as HTML
  [1m[36mProduct Load (0.4ms)[0m  [1m[34mSELECT "products".* FROM "products"[0m
[active_model_serializers] Rendered ActiveModel::Serializer::CollectionSerializer with ActiveModelSerializers::Adapter::Attributes (169.15ms)
Completed 200 OK in 401ms (Views: 370.4ms | ActiveRecord: 0.4ms)


Started DELETE "/products/2" for 127.0.0.1 at 2017-09-21 11:18:02 +0100
Processing by ProductsController#destroy as HTML
  Parameters: {"id"=>"2"}
  [1m[36mProduct Load (1.0ms)[0m  [1m[34mSELECT  "products".* FROM "products" WHERE "products"."id" = $1 LIMIT $2[0m  [["id", 2], ["LIMIT", 1]]
  [1m[35m (0.5ms)[0m  [1m[35mBEGIN[0m
  [1m[35mSQL (1.3ms)[0m  [1m[31mDELETE FROM "products" WHERE "products"."id" = $1[0m  [["id", 2]]
  [1m[35m (272.9ms)[0m  [1m[35mCOMMIT[0m
Completed 204 No Content in 752ms (ActiveRecord: 275.7ms)


Started DELETE "/products/19" for 127.0.0.1 at 2017-09-21 11:18:05 +0100
Processing by ProductsController#destroy as HTML
  Parameters: {"id"=>"19"}
  [1m[36mProduct Load (1.1ms)[0m  [1m[34mSELECT  "products".* FROM "products" WHERE "products"."id" = $1 LIMIT $2[0m  [["id", 19], ["LIMIT", 1]]
  [1m[35m (0.5ms)[0m  [1m[35mBEGIN[0m
  [1m[35mSQL (1.1ms)[0m  [1m[31mDELETE FROM "products" WHERE "products"."id" = $1[0m  [["id", 19]]
  [1m[35m (30.1ms)[0m  [1m[35mCOMMIT[0m
Completed 204 No Content in 70ms (ActiveRecord: 32.8ms)


Started GET "/products" for 127.0.0.1 at 2017-09-21 11:18:21 +0100
Processing by ProductsController#index as HTML
  [1m[36mProduct Load (1.2ms)[0m  [1m[34mSELECT "products".* FROM "products"[0m
[active_model_serializers] Rendered ActiveModel::Serializer::CollectionSerializer with ActiveModelSerializers::Adapter::Attributes (97.24ms)
Completed 200 OK in 381ms (Views: 378.6ms | ActiveRecord: 1.2ms)


